<?xml version="1.0" encoding="UTF-8"?>
<persistence xmlns="http://java.sun.com/xml/ns/persistence"
	xmlns:xsi="http://www.w3.org/2001/XMLSchema-instance" version="2.0"
	xsi:schemaLocation="http://java.sun.com/xml/ns/persistence http://java.sun.com/xml/ns/persistence/persistence_2_0.xsd">

	
	<persistence-unit name="hu.schonherz.restaurant.test.jpa" transaction-type="RESOURCE_LOCAL">
		<provider>org.hibernate.ejb.HibernatePersistence</provider>
		<class>hu.schonherz.restaurant.entities.BaseEntity</class>
		<class>hu.schonherz.restaurant.entities.User</class>
		<class>hu.schonherz.restaurant.entities.Role</class>
		<class>hu.schonherz.restaurant.entities.Delivery</class>
		<class>hu.schonherz.restaurant.entities.Order</class>
		<class>hu.schonherz.restaurant.entities.Product</class>
		<exclude-unlisted-classes>true</exclude-unlisted-classes>
		
		<properties>
			<property name="hibernate.show_sql" value="true" />
			<property name="hibernate.format_sql" value="true" />
			<property name="hibernate.dialect" value="org.hibernate.dialect.HSQLDialect" />
			<property name="hibernate.hbm2ddl.auto" value="create" />
		</properties>
	</persistence-unit>
</persistence>